<?xml version="1.0" encoding="UTF-8"?>
<!-- Generated by org.testng.reporters.JUnitReportReporter -->
<testsuite hostname="USREMWFH101295N" failures="0" tests="1" name="TestRunner.testRunner" time="3.322" errors="0" timestamp="2022-09-07T15:59:26 PDT" skipped="0">
  <testcase classname="TestRunner.testRunner" name="runScenario" time="3.322"/>
  <system-out/>
</testsuite> <!-- TestRunner.testRunner -->
