<?xml version="1.0" encoding="UTF-8"?>
<!-- Generated by org.testng.reporters.JUnitReportReporter -->
<testsuite hostname="USREMWFH101295N" failures="0" tests="1" name="basicJSONValidations" time="1.529" errors="0" timestamp="2022-08-17T09:16:21 PDT" skipped="0">
  <testcase classname="basicJSONValidations" name="sumOfCourses" time="1.529"/>
  <system-out/>
</testsuite> <!-- basicJSONValidations -->
