<?xml version="1.0" encoding="UTF-8"?>
<!-- Generated by org.testng.reporters.JUnitReportReporter -->
<testsuite hostname="USREMWFH101295N" failures="0" tests="2" name="javaSubfolder.generate_JSONPayload_from_POJOObject" time="0.290" errors="0" timestamp="2022-08-17T17:01:03 PDT" skipped="0">
  <testcase classname="javaSubfolder.generate_JSONPayload_from_POJOObject" name="createEmployeeJSONFromEmployeePOJOClass" time="0.254"/>
  <system-out/>
  <testcase classname="javaSubfolder.generate_JSONPayload_from_POJOObject" name="getPojoFromEmployeeObject" time="0.036"/>
  <system-out/>
</testsuite> <!-- javaSubfolder.generate_JSONPayload_from_POJOObject -->
